2024-04-24 15:33:01.322  INFO 10940 --- [main] c.r.SpringBootRestApiStarterApplication  : Starting SpringBootRestApiStarterApplication using Java 17.0.8 on KS20L674 with PID 10940 (C:\Users\kumaran\Downloads\Spring-Boot-2.7-Rest-API-Starter-main\Spring-Boot-2.7-Rest-API-Starter-main\target\classes started by kumaran in C:\Users\kumaran\Downloads\Spring-Boot-2.7-Rest-API-Starter-main\Spring-Boot-2.7-Rest-API-Starter-main)
2024-04-24 15:33:01.334  INFO 10940 --- [main] c.r.SpringBootRestApiStarterApplication  : No active profile set, falling back to 1 default profile: "default"
2024-04-24 15:33:03.728  INFO 10940 --- [main] .s.d.r.c.RepositoryConfigurationDelegate : Bootstrapping Spring Data JPA repositories in DEFAULT mode.
2024-04-24 15:33:03.908  INFO 10940 --- [main] .s.d.r.c.RepositoryConfigurationDelegate : Finished Spring Data repository scanning in 153 ms. Found 7 JPA repository interfaces.
2024-04-24 15:33:06.313  INFO 10940 --- [main] o.s.b.w.embedded.tomcat.TomcatWebServer  : Tomcat initialized with port(s): 8080 (http)
2024-04-24 15:33:06.351  INFO 10940 --- [main] o.apache.catalina.core.StandardService   : Starting service [Tomcat]
2024-04-24 15:33:06.352  INFO 10940 --- [main] org.apache.catalina.core.StandardEngine  : Starting Servlet engine: [Apache Tomcat/9.0.82]
2024-04-24 15:33:06.742  INFO 10940 --- [main] o.a.c.c.C.[Tomcat].[localhost].[/]       : Initializing Spring embedded WebApplicationContext
2024-04-24 15:33:06.742  INFO 10940 --- [main] w.s.c.ServletWebServerApplicationContext : Root WebApplicationContext: initialization completed in 5304 ms
2024-04-24 15:33:07.178  INFO 10940 --- [main] o.hibernate.jpa.internal.util.LogHelper  : HHH000204: Processing PersistenceUnitInfo [name: default]
2024-04-24 15:33:07.306  INFO 10940 --- [main] org.hibernate.Version                    : HHH000412: Hibernate ORM core version 5.6.15.Final
2024-04-24 15:33:07.820  INFO 10940 --- [main] o.hibernate.annotations.common.Version   : HCANN000001: Hibernate Commons Annotations {5.1.2.Final}
2024-04-24 15:33:08.205  INFO 10940 --- [main] com.zaxxer.hikari.HikariDataSource       : HikariPool-1 - Starting...
2024-04-24 15:33:08.225  WARN 10940 --- [main] com.zaxxer.hikari.util.DriverDataSource  : Registered driver with driverClassName=com.mysql.jdbc.Driver was not found, trying direct instantiation.
2024-04-24 15:33:08.745  INFO 10940 --- [main] com.zaxxer.hikari.HikariDataSource       : HikariPool-1 - Start completed.
2024-04-24 15:33:08.794  INFO 10940 --- [main] org.hibernate.dialect.Dialect            : HHH000400: Using dialect: org.hibernate.dialect.MySQL8Dialect
2024-04-24 15:33:10.950  INFO 10940 --- [main] o.h.e.t.j.p.i.JtaPlatformInitiator       : HHH000490: Using JtaPlatform implementation: [org.hibernate.engine.transaction.jta.platform.internal.NoJtaPlatform]
2024-04-24 15:33:10.970  INFO 10940 --- [main] j.LocalContainerEntityManagerFactoryBean : Initialized JPA EntityManagerFactory for persistence unit 'default'
2024-04-24 15:33:11.067  WARN 10940 --- [main] JpaBaseConfiguration$JpaWebConfiguration : spring.jpa.open-in-view is enabled by default. Therefore, database queries may be performed during view rendering. Explicitly configure spring.jpa.open-in-view to disable this warning
2024-04-24 15:33:15.536  INFO 10940 --- [main] o.s.s.web.DefaultSecurityFilterChain     : Will secure any request with [org.springframework.security.web.session.DisableEncodeUrlFilter@e09c7a2, org.springframework.security.web.context.request.async.WebAsyncManagerIntegrationFilter@2688b2be, org.springframework.security.web.context.SecurityContextPersistenceFilter@5dfb078, org.springframework.security.web.header.HeaderWriterFilter@25cef4b3, org.springframework.web.filter.CorsFilter@30d3f583, org.springframework.security.web.authentication.logout.LogoutFilter@a3f1f32, org.springframework.security.web.authentication.www.BasicAuthenticationFilter@c680819, org.springframework.security.web.savedrequest.RequestCacheAwareFilter@669b8190, org.springframework.security.web.servletapi.SecurityContextHolderAwareRequestFilter@5fdcc63f, org.springframework.security.web.authentication.AnonymousAuthenticationFilter@3344c1d7, org.springframework.security.web.session.SessionManagementFilter@6aa85fcf, org.springframework.security.web.access.ExceptionTranslationFilter@535adf36, org.springframework.security.web.access.intercept.FilterSecurityInterceptor@1bd5b1c8]
2024-04-24 15:33:16.251  INFO 10940 --- [main] o.s.b.w.embedded.tomcat.TomcatWebServer  : Tomcat started on port(s): 8080 (http) with context path ''
2024-04-24 15:33:18.886  INFO 10940 --- [main] c.r.SpringBootRestApiStarterApplication  : Started SpringBootRestApiStarterApplication in 18.321 seconds (JVM running for 19.228)
2024-04-24 15:35:28.373  INFO 10940 --- [http-nio-8080-exec-1] o.a.c.c.C.[Tomcat].[localhost].[/]       : Initializing Spring DispatcherServlet 'dispatcherServlet'
2024-04-24 15:35:28.374  INFO 10940 --- [http-nio-8080-exec-1] o.s.web.servlet.DispatcherServlet        : Initializing Servlet 'dispatcherServlet'
2024-04-24 15:35:28.378  INFO 10940 --- [http-nio-8080-exec-1] o.s.web.servlet.DispatcherServlet        : Completed initialization in 3 ms
2024-04-24 15:52:13.042  INFO 10940 --- [SpringApplicationShutdownHook] j.LocalContainerEntityManagerFactoryBean : Closing JPA EntityManagerFactory for persistence unit 'default'
2024-04-24 15:52:13.045  INFO 10940 --- [SpringApplicationShutdownHook] com.zaxxer.hikari.HikariDataSource       : HikariPool-1 - Shutdown initiated...
2024-04-24 15:52:13.055  INFO 10940 --- [SpringApplicationShutdownHook] com.zaxxer.hikari.HikariDataSource       : HikariPool-1 - Shutdown completed.
